timestamp: 2017-02-08T11:26:52.527000
CREATE TABLE "auth_user"(
    "id" INTEGER PRIMARY KEY AUTOINCREMENT,
    "first_name" CHAR(128),
    "last_name" CHAR(128),
    "email" CHAR(512),
    "password" CHAR(512),
    "registration_key" CHAR(512),
    "reset_password_key" CHAR(512),
    "registration_id" CHAR(512)
);
success!
timestamp: 2017-02-08T11:26:52.667000
CREATE TABLE "auth_group"(
    "id" INTEGER PRIMARY KEY AUTOINCREMENT,
    "role" CHAR(512),
    "description" TEXT
);
success!
timestamp: 2017-02-08T11:26:52.763000
CREATE TABLE "auth_membership"(
    "id" INTEGER PRIMARY KEY AUTOINCREMENT,
    "user_id" INTEGER REFERENCES "auth_user" ("id") ON DELETE CASCADE  ,
    "group_id" INTEGER REFERENCES "auth_group" ("id") ON DELETE CASCADE  
);
success!
timestamp: 2017-02-08T11:26:52.851000
CREATE TABLE "auth_permission"(
    "id" INTEGER PRIMARY KEY AUTOINCREMENT,
    "group_id" INTEGER REFERENCES "auth_group" ("id") ON DELETE CASCADE  ,
    "name" CHAR(512),
    "table_name" CHAR(512),
    "record_id" INTEGER
);
success!
timestamp: 2017-02-08T11:26:52.929000
CREATE TABLE "auth_event"(
    "id" INTEGER PRIMARY KEY AUTOINCREMENT,
    "time_stamp" TIMESTAMP,
    "client_ip" CHAR(512),
    "user_id" INTEGER REFERENCES "auth_user" ("id") ON DELETE CASCADE  ,
    "origin" CHAR(512),
    "description" TEXT
);
success!
timestamp: 2017-02-08T11:26:53.005000
CREATE TABLE "auth_cas"(
    "id" INTEGER PRIMARY KEY AUTOINCREMENT,
    "user_id" INTEGER REFERENCES "auth_user" ("id") ON DELETE CASCADE  ,
    "created_on" TIMESTAMP,
    "service" CHAR(512),
    "ticket" CHAR(512),
    "renew" CHAR(1)
);
success!
timestamp: 2017-02-08T17:11:35.818000
CREATE TABLE "basic"(
    "id" INTEGER PRIMARY KEY AUTOINCREMENT,
    "student_ID" CHAR(512),
    "name" CHAR(512),
    "gender" CHAR(512),
    "grade" CHAR(512),
    "age" CHAR(512),
    "nation" CHAR(512),
    "company1" CHAR(512),
    "company2" CHAR(512),
    "company3" CHAR(512),
    "initial_date" DATE
);
success!
timestamp: 2017-02-08T17:12:25.194000
CREATE TABLE "account"(
    "id" INTEGER PRIMARY KEY AUTOINCREMENT,
    "company" CHAR(512),
    "original_fund" CHAR(512),
    "flow" CHAR(512),
    "category" CHAR(512),
    "amount" CHAR(512),
    "trade_time" TIME,
    "balance" CHAR(512)
);
success!
timestamp: 2017-02-08T17:12:25.281000
CREATE TABLE "company"(
    "id" INTEGER PRIMARY KEY AUTOINCREMENT,
    "name" CHAR(512),
    "category" CHAR(512),
    "legal_person" CHAR(512),
    "status" CHAR(512)
);
success!
timestamp: 2017-02-08T17:12:25.362000
CREATE TABLE "goods"(
    "id" INTEGER PRIMARY KEY AUTOINCREMENT,
    "company" CHAR(512),
    "name" CHAR(512),
    "price" CHAR(512),
    "amount" CHAR(512)
);
success!
